<?xml version="1.0" encoding="UTF-8"?>
<!-- Generated by org.testng.reporters.JUnitXMLReporter -->
<testsuite ignored="0" hostname="LAPTOP-SIEG4V5D" failures="0" tests="4" name="Linux-Firefox" time="36.244" errors="0" timestamp="2025-08-11T15:15:43 IST">
  <testcase classname="testCases.TC001_AccountRegistrationTest" name="verify_account_registration" time="3.82"/>
  <testcase classname="testCases.TC002_LoginTest" name="verify_login" time="2.041"/>
  <testcase classname="testCases.TC004_SearchProductTest" name="verify_pruductSearch" time="1.451"/>
  <testcase classname="testCases.TC005_AddToCartPageTest" name="verify_addToCart" time="1.382"/>
</testsuite> <!-- Linux-Firefox -->
