<?xml version="1.0" encoding="UTF-8"?>
<!-- Generated by org.testng.reporters.JUnitXMLReporter -->
<testsuite ignored="0" hostname="LAPTOP-SIEG4V5D" failures="0" tests="13" name="Test" time="116.034" errors="0" timestamp="2025-08-11T14:06:37 IST">
  <testcase classname="testCases.TC001_AccountRegistrationTest" name="verify_account_registration" time="2.258"/>
  <testcase classname="testCases.TC002_LoginTest" name="verify_login" time="1.629"/>
  <testcase classname="testCases.TC003_LoginDDT" name="Verify_loginDDT" time="11.152"/>
  <testcase classname="testCases.TC003_LoginDDT" name="Verify_loginDDT" time="3.966"/>
  <testcase classname="testCases.TC003_LoginDDT" name="Verify_loginDDT" time="11.794"/>
  <testcase classname="testCases.TC003_LoginDDT" name="Verify_loginDDT" time="11.464"/>
  <testcase classname="testCases.TC003_LoginDDT" name="Verify_loginDDT" time="1.713"/>
  <testcase classname="testCases.TC003_LoginDDT" name="Verify_loginDDT" time="1.721"/>
  <testcase classname="testCases.TC003_LoginDDT" name="Verify_loginDDT" time="11.274"/>
  <testcase classname="testCases.TC003_LoginDDT" name="Verify_loginDDT" time="12.106"/>
  <testcase classname="testCases.TC004_SearchProductTest" name="verify_pruductSearch" time="0.655"/>
  <testcase classname="testCases.TC006_EndToEndTest" name="endToendTest" time="19.806"/>
  <testcase classname="testCases.TC005_AddToCartPageTest" name="verify_addToCart" time="1.449"/>
</testsuite> <!-- Test -->
