<?xml version="1.0" encoding="UTF-8"?>
<testsuite xmlns:xsi="http://www.w3.org/2001/XMLSchema-instance" xsi:noNamespaceSchemaLocation="https://maven.apache.org/surefire/maven-surefire-plugin/xsd/surefire-test-report.xsd" version="3.0.2" name="TestSuite" time="118.135" tests="13" errors="0" skipped="0" failures="0">
  <properties>
[...]
</properties>
  <testcase name="verify_account_registration" classname="testCases.TC001_AccountRegistrationTest" time="2.268">
    <system-err><![CDATA[SLF4J(W): No SLF4J providers were found.
SLF4J(W): Defaulting to no-operation (NOP) logger implementation
SLF4J(W): See https://www.slf4j.org/codes.html#noProviders for further details.
Aug 11, 2025 2:04:42 PM org.openqa.selenium.devtools.CdpVersionFinder findNearestMatch
WARNING: Unable to find an exact match for CDP version 139, returning the closest version; found: 138; Please update to a Selenium version that supports CDP version 139
]]></system-err>
  </testcase>
  <testcase name="verify_login" classname="testCases.TC002_LoginTest" time="1.63">
    <system-err><![CDATA[Aug 11, 2025 2:04:48 PM org.openqa.selenium.devtools.CdpVersionFinder findNearestMatch
WARNING: Unable to find an exact match for CDP version 139, returning the closest version; found: 138; Please update to a Selenium version that supports CDP version 139
]]></system-err>
  </testcase>
  <testcase name="Verify_loginDDT[pavanoltraining@gmail.com, test@123, Invalid](1)" classname="testCases.TC003_LoginDDT" time="11.153">
    <system-err><![CDATA[Aug 11, 2025 2:04:53 PM org.openqa.selenium.devtools.CdpVersionFinder findNearestMatch
WARNING: Unable to find an exact match for CDP version 139, returning the closest version; found: 138; Please update to a Selenium version that supports CDP version 139
]]></system-err>
  </testcase>
  <testcase name="Verify_loginDDT[lakshmi@yahoo.com, Laxmi, Valid](2)" classname="testCases.TC003_LoginDDT" time="3.967"/>
  <testcase name="Verify_loginDDT[, , Invalid](3)" classname="testCases.TC003_LoginDDT" time="11.792"/>
  <testcase name="Verify_loginDDT[laks@yahoo.com, xyz, Invalid](4)" classname="testCases.TC003_LoginDDT" time="11.463"/>
  <testcase name="Verify_loginDDT[abc123@gmail.com, test@123, Valid](5)" classname="testCases.TC003_LoginDDT" time="1.713"/>
  <testcase name="Verify_loginDDT[bevafi7510@aravites.com, Sowmi@96, Valid](6)" classname="testCases.TC003_LoginDDT" time="1.722"/>
  <testcase name="Verify_loginDDT[, Sowmi, Invalid](7)" classname="testCases.TC003_LoginDDT" time="11.274"/>
  <testcase name="Verify_loginDDT[bevafi7510@aravites.com, , Invalid](8)" classname="testCases.TC003_LoginDDT" time="12.106"/>
  <testcase name="verify_pruductSearch" classname="testCases.TC004_SearchProductTest" time="0.656">
    <system-err><![CDATA[Aug 11, 2025 2:06:03 PM org.openqa.selenium.devtools.CdpVersionFinder findNearestMatch
WARNING: Unable to find an exact match for CDP version 139, returning the closest version; found: 138; Please update to a Selenium version that supports CDP version 139
]]></system-err>
  </testcase>
  <testcase name="endToendTest" classname="testCases.TC006_EndToEndTest" time="19.807">
    <system-out><![CDATA[Account Registration................
Your Account Has Been Created!
Login to application...............
Going to My Account Page? true
search & add product to cart...............
Shopping cart...............
total price is shopping cart: $246.40
]]></system-out>
    <system-err><![CDATA[Aug 11, 2025 2:06:08 PM org.openqa.selenium.devtools.CdpVersionFinder findNearestMatch
WARNING: Unable to find an exact match for CDP version 139, returning the closest version; found: 138; Please update to a Selenium version that supports CDP version 139
]]></system-err>
  </testcase>
  <testcase name="verify_addToCart" classname="testCases.TC005_AddToCartPageTest" time="1.449">
    <system-err><![CDATA[Aug 11, 2025 2:06:32 PM org.openqa.selenium.devtools.CdpVersionFinder findNearestMatch
WARNING: Unable to find an exact match for CDP version 139, returning the closest version; found: 138; Please update to a Selenium version that supports CDP version 139
]]></system-err>
  </testcase>
</testsuite>