<?xml version="1.0" encoding="UTF-8"?>
<testng-results ignored="0" total="13" passed="13" failed="0" skipped="0">
  <reporter-output>
  </reporter-output>
  <suite started-at="2025-08-11T14:04:40 IST" name="Suite" finished-at="2025-08-11T14:06:36 IST" duration-ms="116034">
    <groups>
      <group name="DataProvider">
        <method signature="TC003_LoginDDT.Verify_loginDDT(java.lang.String,java.lang.String,java.lang.String)[pri:0, instance:testCases.TC003_LoginDDT@59662a0b]" name="Verify_loginDDT" class="testCases.TC003_LoginDDT"/>
      </group> <!-- DataProvider -->
      <group name="Master">
        <method signature="TC001_AccountRegistrationTest.verify_account_registration()[pri:0, instance:testCases.TC001_AccountRegistrationTest@4ec4f3a0]" name="verify_account_registration" class="testCases.TC001_AccountRegistrationTest"/>
        <method signature="TC002_LoginTest.verify_login()[pri:0, instance:testCases.TC002_LoginTest@1b7cc17c]" name="verify_login" class="testCases.TC002_LoginTest"/>
        <method signature="TC004_SearchProductTest.verify_pruductSearch()[pri:0, instance:testCases.TC004_SearchProductTest@77fbd92c]" name="verify_pruductSearch" class="testCases.TC004_SearchProductTest"/>
        <method signature="TC005_AddToCartPageTest.verify_addToCart()[pri:0, instance:testCases.TC005_AddToCartPageTest@1a482e36]" name="verify_addToCart" class="testCases.TC005_AddToCartPageTest"/>
        <method signature="TC006_EndToEndTest.endToendTest()[pri:0, instance:testCases.TC006_EndToEndTest@67c27493]" name="endToendTest" class="testCases.TC006_EndToEndTest"/>
      </group> <!-- Master -->
      <group name="Sanity">
        <method signature="TC002_LoginTest.verify_login()[pri:0, instance:testCases.TC002_LoginTest@1b7cc17c]" name="verify_login" class="testCases.TC002_LoginTest"/>
      </group> <!-- Sanity -->
      <group name="Regression">
        <method signature="TC001_AccountRegistrationTest.verify_account_registration()[pri:0, instance:testCases.TC001_AccountRegistrationTest@4ec4f3a0]" name="verify_account_registration" class="testCases.TC001_AccountRegistrationTest"/>
      </group> <!-- Regression -->
    </groups>
    <test started-at="2025-08-11T14:04:40 IST" name="Test" finished-at="2025-08-11T14:06:36 IST" duration-ms="116034">
      <class name="testCases.TC005_AddToCartPageTest">
        <test-method is-config="true" signature="setup(java.lang.String,java.lang.String)[pri:0, instance:testCases.TC005_AddToCartPageTest@1a482e36]" started-at="2025-08-11T14:06:30 IST" name="setup" finished-at="2025-08-11T14:06:34 IST" duration-ms="3353" status="PASS">
          <params>
            <param index="0">
              <value>
                <![CDATA[Windows]]>
              </value>
            </param>
            <param index="1">
              <value>
                <![CDATA[Chrome]]>
              </value>
            </param>
          </params>
          <reporter-output>
          </reporter-output>
        </test-method> <!-- setup -->
        <test-method signature="verify_addToCart()[pri:0, instance:testCases.TC005_AddToCartPageTest@1a482e36]" started-at="2025-08-11T14:06:34 IST" name="verify_addToCart" finished-at="2025-08-11T14:06:35 IST" duration-ms="1449" status="PASS">
          <reporter-output>
          </reporter-output>
        </test-method> <!-- verify_addToCart -->
        <test-method is-config="true" signature="teardown()[pri:0, instance:testCases.TC005_AddToCartPageTest@1a482e36]" started-at="2025-08-11T14:06:35 IST" name="teardown" finished-at="2025-08-11T14:06:36 IST" duration-ms="337" status="PASS">
          <reporter-output>
          </reporter-output>
        </test-method> <!-- teardown -->
      </class> <!-- testCases.TC005_AddToCartPageTest -->
      <class name="testCases.TC004_SearchProductTest">
        <test-method is-config="true" signature="setup(java.lang.String,java.lang.String)[pri:0, instance:testCases.TC004_SearchProductTest@77fbd92c]" started-at="2025-08-11T14:06:01 IST" name="setup" finished-at="2025-08-11T14:06:05 IST" duration-ms="4124" status="PASS">
          <params>
            <param index="0">
              <value>
                <![CDATA[Windows]]>
              </value>
            </param>
            <param index="1">
              <value>
                <![CDATA[Chrome]]>
              </value>
            </param>
          </params>
          <reporter-output>
          </reporter-output>
        </test-method> <!-- setup -->
        <test-method signature="verify_pruductSearch()[pri:0, instance:testCases.TC004_SearchProductTest@77fbd92c]" started-at="2025-08-11T14:06:05 IST" name="verify_pruductSearch" finished-at="2025-08-11T14:06:06 IST" duration-ms="655" status="PASS">
          <reporter-output>
          </reporter-output>
        </test-method> <!-- verify_pruductSearch -->
        <test-method is-config="true" signature="teardown()[pri:0, instance:testCases.TC004_SearchProductTest@77fbd92c]" started-at="2025-08-11T14:06:06 IST" name="teardown" finished-at="2025-08-11T14:06:06 IST" duration-ms="297" status="PASS">
          <reporter-output>
          </reporter-output>
        </test-method> <!-- teardown -->
      </class> <!-- testCases.TC004_SearchProductTest -->
      <class name="testCases.TC006_EndToEndTest">
        <test-method is-config="true" signature="setup(java.lang.String,java.lang.String)[pri:0, instance:testCases.TC006_EndToEndTest@67c27493]" started-at="2025-08-11T14:06:06 IST" name="setup" finished-at="2025-08-11T14:06:10 IST" duration-ms="4250" status="PASS">
          <params>
            <param index="0">
              <value>
                <![CDATA[Windows]]>
              </value>
            </param>
            <param index="1">
              <value>
                <![CDATA[Chrome]]>
              </value>
            </param>
          </params>
          <reporter-output>
          </reporter-output>
        </test-method> <!-- setup -->
        <test-method signature="endToendTest()[pri:0, instance:testCases.TC006_EndToEndTest@67c27493]" started-at="2025-08-11T14:06:10 IST" name="endToendTest" finished-at="2025-08-11T14:06:30 IST" duration-ms="19806" status="PASS">
          <reporter-output>
          </reporter-output>
        </test-method> <!-- endToendTest -->
        <test-method is-config="true" signature="teardown()[pri:0, instance:testCases.TC006_EndToEndTest@67c27493]" started-at="2025-08-11T14:06:30 IST" name="teardown" finished-at="2025-08-11T14:06:30 IST" duration-ms="332" status="PASS">
          <reporter-output>
          </reporter-output>
        </test-method> <!-- teardown -->
      </class> <!-- testCases.TC006_EndToEndTest -->
      <class name="testCases.TC002_LoginTest">
        <test-method is-config="true" signature="setup(java.lang.String,java.lang.String)[pri:0, instance:testCases.TC002_LoginTest@1b7cc17c]" started-at="2025-08-11T14:04:46 IST" name="setup" finished-at="2025-08-11T14:04:49 IST" duration-ms="2852" status="PASS">
          <params>
            <param index="0">
              <value>
                <![CDATA[Windows]]>
              </value>
            </param>
            <param index="1">
              <value>
                <![CDATA[Chrome]]>
              </value>
            </param>
          </params>
          <reporter-output>
          </reporter-output>
        </test-method> <!-- setup -->
        <test-method signature="verify_login()[pri:0, instance:testCases.TC002_LoginTest@1b7cc17c]" started-at="2025-08-11T14:04:49 IST" name="verify_login" finished-at="2025-08-11T14:04:50 IST" duration-ms="1629" status="PASS">
          <reporter-output>
          </reporter-output>
        </test-method> <!-- verify_login -->
        <test-method is-config="true" signature="teardown()[pri:0, instance:testCases.TC002_LoginTest@1b7cc17c]" started-at="2025-08-11T14:04:50 IST" name="teardown" finished-at="2025-08-11T14:04:51 IST" duration-ms="339" status="PASS">
          <reporter-output>
          </reporter-output>
        </test-method> <!-- teardown -->
      </class> <!-- testCases.TC002_LoginTest -->
      <class name="testCases.TC003_LoginDDT">
        <test-method is-config="true" signature="setup(java.lang.String,java.lang.String)[pri:0, instance:testCases.TC003_LoginDDT@59662a0b]" started-at="2025-08-11T14:04:51 IST" name="setup" finished-at="2025-08-11T14:04:54 IST" duration-ms="3681" status="PASS">
          <params>
            <param index="0">
              <value>
                <![CDATA[Windows]]>
              </value>
            </param>
            <param index="1">
              <value>
                <![CDATA[Chrome]]>
              </value>
            </param>
          </params>
          <reporter-output>
          </reporter-output>
        </test-method> <!-- setup -->
        <test-method signature="Verify_loginDDT(java.lang.String,java.lang.String,java.lang.String)[pri:0, instance:testCases.TC003_LoginDDT@59662a0b]" started-at="2025-08-11T14:04:55 IST" name="Verify_loginDDT" data-provider="LoginData" finished-at="2025-08-11T14:05:07 IST" duration-ms="11152" status="PASS">
          <params>
            <param index="0">
              <value>
                <![CDATA[pavanoltraining@gmail.com]]>
              </value>
            </param>
            <param index="1">
              <value>
                <![CDATA[test@123]]>
              </value>
            </param>
            <param index="2">
              <value>
                <![CDATA[Invalid]]>
              </value>
            </param>
          </params>
          <reporter-output>
          </reporter-output>
        </test-method> <!-- Verify_loginDDT -->
        <test-method signature="Verify_loginDDT(java.lang.String,java.lang.String,java.lang.String)[pri:0, instance:testCases.TC003_LoginDDT@59662a0b]" started-at="2025-08-11T14:05:07 IST" name="Verify_loginDDT" data-provider="LoginData" finished-at="2025-08-11T14:05:11 IST" duration-ms="3966" status="PASS">
          <params>
            <param index="0">
              <value>
                <![CDATA[lakshmi@yahoo.com]]>
              </value>
            </param>
            <param index="1">
              <value>
                <![CDATA[Laxmi]]>
              </value>
            </param>
            <param index="2">
              <value>
                <![CDATA[Valid]]>
              </value>
            </param>
          </params>
          <reporter-output>
          </reporter-output>
        </test-method> <!-- Verify_loginDDT -->
        <test-method signature="Verify_loginDDT(java.lang.String,java.lang.String,java.lang.String)[pri:0, instance:testCases.TC003_LoginDDT@59662a0b]" started-at="2025-08-11T14:05:11 IST" name="Verify_loginDDT" data-provider="LoginData" finished-at="2025-08-11T14:05:22 IST" duration-ms="11794" status="PASS">
          <params>
            <param index="0">
              <value>
                <![CDATA[]]>
              </value>
            </param>
            <param index="1">
              <value>
                <![CDATA[]]>
              </value>
            </param>
            <param index="2">
              <value>
                <![CDATA[Invalid]]>
              </value>
            </param>
          </params>
          <reporter-output>
          </reporter-output>
        </test-method> <!-- Verify_loginDDT -->
        <test-method signature="Verify_loginDDT(java.lang.String,java.lang.String,java.lang.String)[pri:0, instance:testCases.TC003_LoginDDT@59662a0b]" started-at="2025-08-11T14:05:22 IST" name="Verify_loginDDT" data-provider="LoginData" finished-at="2025-08-11T14:05:34 IST" duration-ms="11464" status="PASS">
          <params>
            <param index="0">
              <value>
                <![CDATA[laks@yahoo.com]]>
              </value>
            </param>
            <param index="1">
              <value>
                <![CDATA[xyz]]>
              </value>
            </param>
            <param index="2">
              <value>
                <![CDATA[Invalid]]>
              </value>
            </param>
          </params>
          <reporter-output>
          </reporter-output>
        </test-method> <!-- Verify_loginDDT -->
        <test-method signature="Verify_loginDDT(java.lang.String,java.lang.String,java.lang.String)[pri:0, instance:testCases.TC003_LoginDDT@59662a0b]" started-at="2025-08-11T14:05:34 IST" name="Verify_loginDDT" data-provider="LoginData" finished-at="2025-08-11T14:05:36 IST" duration-ms="1713" status="PASS">
          <params>
            <param index="0">
              <value>
                <![CDATA[abc123@gmail.com]]>
              </value>
            </param>
            <param index="1">
              <value>
                <![CDATA[test@123]]>
              </value>
            </param>
            <param index="2">
              <value>
                <![CDATA[Valid]]>
              </value>
            </param>
          </params>
          <reporter-output>
          </reporter-output>
        </test-method> <!-- Verify_loginDDT -->
        <test-method signature="Verify_loginDDT(java.lang.String,java.lang.String,java.lang.String)[pri:0, instance:testCases.TC003_LoginDDT@59662a0b]" started-at="2025-08-11T14:05:36 IST" name="Verify_loginDDT" data-provider="LoginData" finished-at="2025-08-11T14:05:37 IST" duration-ms="1721" status="PASS">
          <params>
            <param index="0">
              <value>
                <![CDATA[bevafi7510@aravites.com]]>
              </value>
            </param>
            <param index="1">
              <value>
                <![CDATA[Sowmi@96]]>
              </value>
            </param>
            <param index="2">
              <value>
                <![CDATA[Valid]]>
              </value>
            </param>
          </params>
          <reporter-output>
          </reporter-output>
        </test-method> <!-- Verify_loginDDT -->
        <test-method signature="Verify_loginDDT(java.lang.String,java.lang.String,java.lang.String)[pri:0, instance:testCases.TC003_LoginDDT@59662a0b]" started-at="2025-08-11T14:05:37 IST" name="Verify_loginDDT" data-provider="LoginData" finished-at="2025-08-11T14:05:49 IST" duration-ms="11274" status="PASS">
          <params>
            <param index="0">
              <value>
                <![CDATA[]]>
              </value>
            </param>
            <param index="1">
              <value>
                <![CDATA[Sowmi]]>
              </value>
            </param>
            <param index="2">
              <value>
                <![CDATA[Invalid]]>
              </value>
            </param>
          </params>
          <reporter-output>
          </reporter-output>
        </test-method> <!-- Verify_loginDDT -->
        <test-method signature="Verify_loginDDT(java.lang.String,java.lang.String,java.lang.String)[pri:0, instance:testCases.TC003_LoginDDT@59662a0b]" started-at="2025-08-11T14:05:49 IST" name="Verify_loginDDT" data-provider="LoginData" finished-at="2025-08-11T14:06:01 IST" duration-ms="12106" status="PASS">
          <params>
            <param index="0">
              <value>
                <![CDATA[bevafi7510@aravites.com]]>
              </value>
            </param>
            <param index="1">
              <value>
                <![CDATA[]]>
              </value>
            </param>
            <param index="2">
              <value>
                <![CDATA[Invalid]]>
              </value>
            </param>
          </params>
          <reporter-output>
          </reporter-output>
        </test-method> <!-- Verify_loginDDT -->
        <test-method is-config="true" signature="teardown()[pri:0, instance:testCases.TC003_LoginDDT@59662a0b]" started-at="2025-08-11T14:06:01 IST" name="teardown" finished-at="2025-08-11T14:06:01 IST" duration-ms="358" status="PASS">
          <reporter-output>
          </reporter-output>
        </test-method> <!-- teardown -->
      </class> <!-- testCases.TC003_LoginDDT -->
      <class name="testCases.TC001_AccountRegistrationTest">
        <test-method is-config="true" signature="setup(java.lang.String,java.lang.String)[pri:0, instance:testCases.TC001_AccountRegistrationTest@4ec4f3a0]" started-at="2025-08-11T14:04:40 IST" name="setup" finished-at="2025-08-11T14:04:43 IST" duration-ms="3286" status="PASS">
          <params>
            <param index="0">
              <value>
                <![CDATA[Windows]]>
              </value>
            </param>
            <param index="1">
              <value>
                <![CDATA[Chrome]]>
              </value>
            </param>
          </params>
          <reporter-output>
          </reporter-output>
        </test-method> <!-- setup -->
        <test-method signature="verify_account_registration()[pri:0, instance:testCases.TC001_AccountRegistrationTest@4ec4f3a0]" started-at="2025-08-11T14:04:43 IST" name="verify_account_registration" finished-at="2025-08-11T14:04:45 IST" duration-ms="2258" status="PASS">
          <reporter-output>
          </reporter-output>
        </test-method> <!-- verify_account_registration -->
        <test-method is-config="true" signature="teardown()[pri:0, instance:testCases.TC001_AccountRegistrationTest@4ec4f3a0]" started-at="2025-08-11T14:04:45 IST" name="teardown" finished-at="2025-08-11T14:04:46 IST" duration-ms="326" status="PASS">
          <reporter-output>
          </reporter-output>
        </test-method> <!-- teardown -->
      </class> <!-- testCases.TC001_AccountRegistrationTest -->
    </test> <!-- Test -->
  </suite> <!-- Suite -->
</testng-results>
