<?xml version="1.0" encoding="UTF-8"?>
<testng-results ignored="0" total="8" passed="8" failed="0" skipped="0">
  <reporter-output>
  </reporter-output>
  <suite started-at="2025-08-11T13:23:06 IST" name="Suite" finished-at="2025-08-11T13:24:19 IST" duration-ms="72541">
    <groups>
      <group name="DataProvider">
        <method signature="TC003_LoginDDT.Verify_loginDDT(java.lang.String,java.lang.String,java.lang.String)[pri:0, instance:testCases.TC003_LoginDDT@62ddbd7e]" name="Verify_loginDDT" class="testCases.TC003_LoginDDT"/>
      </group> <!-- DataProvider -->
    </groups>
    <test started-at="2025-08-11T13:23:06 IST" name="Test" finished-at="2025-08-11T13:24:19 IST" duration-ms="72541">
      <class name="testCases.TC003_LoginDDT">
        <test-method is-config="true" signature="setup(java.lang.String,java.lang.String)[pri:0, instance:testCases.TC003_LoginDDT@62ddbd7e]" started-at="2025-08-11T13:23:06 IST" name="setup" finished-at="2025-08-11T13:23:11 IST" duration-ms="4287" status="PASS">
          <params>
            <param index="0">
              <value>
                <![CDATA[Windows]]>
              </value>
            </param>
            <param index="1">
              <value>
                <![CDATA[Chrome]]>
              </value>
            </param>
          </params>
          <reporter-output>
          </reporter-output>
        </test-method> <!-- setup -->
        <test-method signature="Verify_loginDDT(java.lang.String,java.lang.String,java.lang.String)[pri:0, instance:testCases.TC003_LoginDDT@62ddbd7e]" started-at="2025-08-11T13:23:13 IST" name="Verify_loginDDT" data-provider="LoginData" finished-at="2025-08-11T13:23:25 IST" duration-ms="11711" status="PASS">
          <params>
            <param index="0">
              <value>
                <![CDATA[pavanoltraining@gmail.com]]>
              </value>
            </param>
            <param index="1">
              <value>
                <![CDATA[test@123]]>
              </value>
            </param>
            <param index="2">
              <value>
                <![CDATA[Invalid]]>
              </value>
            </param>
          </params>
          <reporter-output>
          </reporter-output>
        </test-method> <!-- Verify_loginDDT -->
        <test-method signature="Verify_loginDDT(java.lang.String,java.lang.String,java.lang.String)[pri:0, instance:testCases.TC003_LoginDDT@62ddbd7e]" started-at="2025-08-11T13:23:25 IST" name="Verify_loginDDT" data-provider="LoginData" finished-at="2025-08-11T13:23:28 IST" duration-ms="3383" status="PASS">
          <params>
            <param index="0">
              <value>
                <![CDATA[lakshmi@yahoo.com]]>
              </value>
            </param>
            <param index="1">
              <value>
                <![CDATA[Laxmi]]>
              </value>
            </param>
            <param index="2">
              <value>
                <![CDATA[Valid]]>
              </value>
            </param>
          </params>
          <reporter-output>
          </reporter-output>
        </test-method> <!-- Verify_loginDDT -->
        <test-method signature="Verify_loginDDT(java.lang.String,java.lang.String,java.lang.String)[pri:0, instance:testCases.TC003_LoginDDT@62ddbd7e]" started-at="2025-08-11T13:23:28 IST" name="Verify_loginDDT" data-provider="LoginData" finished-at="2025-08-11T13:23:40 IST" duration-ms="11734" status="PASS">
          <params>
            <param index="0">
              <value>
                <![CDATA[]]>
              </value>
            </param>
            <param index="1">
              <value>
                <![CDATA[]]>
              </value>
            </param>
            <param index="2">
              <value>
                <![CDATA[Invalid]]>
              </value>
            </param>
          </params>
          <reporter-output>
          </reporter-output>
        </test-method> <!-- Verify_loginDDT -->
        <test-method signature="Verify_loginDDT(java.lang.String,java.lang.String,java.lang.String)[pri:0, instance:testCases.TC003_LoginDDT@62ddbd7e]" started-at="2025-08-11T13:23:40 IST" name="Verify_loginDDT" data-provider="LoginData" finished-at="2025-08-11T13:23:51 IST" duration-ms="11148" status="PASS">
          <params>
            <param index="0">
              <value>
                <![CDATA[laks@yahoo.com]]>
              </value>
            </param>
            <param index="1">
              <value>
                <![CDATA[xyz]]>
              </value>
            </param>
            <param index="2">
              <value>
                <![CDATA[Invalid]]>
              </value>
            </param>
          </params>
          <reporter-output>
          </reporter-output>
        </test-method> <!-- Verify_loginDDT -->
        <test-method signature="Verify_loginDDT(java.lang.String,java.lang.String,java.lang.String)[pri:0, instance:testCases.TC003_LoginDDT@62ddbd7e]" started-at="2025-08-11T13:23:51 IST" name="Verify_loginDDT" data-provider="LoginData" finished-at="2025-08-11T13:23:53 IST" duration-ms="2143" status="PASS">
          <params>
            <param index="0">
              <value>
                <![CDATA[abc123@gmail.com]]>
              </value>
            </param>
            <param index="1">
              <value>
                <![CDATA[test@123]]>
              </value>
            </param>
            <param index="2">
              <value>
                <![CDATA[Valid]]>
              </value>
            </param>
          </params>
          <reporter-output>
          </reporter-output>
        </test-method> <!-- Verify_loginDDT -->
        <test-method signature="Verify_loginDDT(java.lang.String,java.lang.String,java.lang.String)[pri:0, instance:testCases.TC003_LoginDDT@62ddbd7e]" started-at="2025-08-11T13:23:53 IST" name="Verify_loginDDT" data-provider="LoginData" finished-at="2025-08-11T13:23:56 IST" duration-ms="2464" status="PASS">
          <params>
            <param index="0">
              <value>
                <![CDATA[bevafi7510@aravites.com]]>
              </value>
            </param>
            <param index="1">
              <value>
                <![CDATA[Sowmi@96]]>
              </value>
            </param>
            <param index="2">
              <value>
                <![CDATA[Valid]]>
              </value>
            </param>
          </params>
          <reporter-output>
          </reporter-output>
        </test-method> <!-- Verify_loginDDT -->
        <test-method signature="Verify_loginDDT(java.lang.String,java.lang.String,java.lang.String)[pri:0, instance:testCases.TC003_LoginDDT@62ddbd7e]" started-at="2025-08-11T13:23:56 IST" name="Verify_loginDDT" data-provider="LoginData" finished-at="2025-08-11T13:24:07 IST" duration-ms="11351" status="PASS">
          <params>
            <param index="0">
              <value>
                <![CDATA[]]>
              </value>
            </param>
            <param index="1">
              <value>
                <![CDATA[Sowmi]]>
              </value>
            </param>
            <param index="2">
              <value>
                <![CDATA[Invalid]]>
              </value>
            </param>
          </params>
          <reporter-output>
          </reporter-output>
        </test-method> <!-- Verify_loginDDT -->
        <test-method signature="Verify_loginDDT(java.lang.String,java.lang.String,java.lang.String)[pri:0, instance:testCases.TC003_LoginDDT@62ddbd7e]" started-at="2025-08-11T13:24:07 IST" name="Verify_loginDDT" data-provider="LoginData" finished-at="2025-08-11T13:24:18 IST" duration-ms="11229" status="PASS">
          <params>
            <param index="0">
              <value>
                <![CDATA[bevafi7510@aravites.com]]>
              </value>
            </param>
            <param index="1">
              <value>
                <![CDATA[]]>
              </value>
            </param>
            <param index="2">
              <value>
                <![CDATA[Invalid]]>
              </value>
            </param>
          </params>
          <reporter-output>
          </reporter-output>
        </test-method> <!-- Verify_loginDDT -->
        <test-method is-config="true" signature="teardown()[pri:0, instance:testCases.TC003_LoginDDT@62ddbd7e]" started-at="2025-08-11T13:24:18 IST" name="teardown" finished-at="2025-08-11T13:24:18 IST" duration-ms="286" status="PASS">
          <reporter-output>
          </reporter-output>
        </test-method> <!-- teardown -->
      </class> <!-- testCases.TC003_LoginDDT -->
    </test> <!-- Test -->
  </suite> <!-- Suite -->
</testng-results>
